TN:
SF:src/commands/clear.ts
FN:1,clearCommand
FNF:1
FNH:1
FNDA:2,clearCommand
DA:2,2
DA:5,2
DA:6,2
DA:7,2
DA:8,2
LF:5
LH:5
BRF:0
BRH:0
end_of_record
TN:
SF:src/commands/help.ts
FN:4,helpCommand
FNF:1
FNH:1
FNDA:3,helpCommand
DA:5,3
DA:25,3
LF:2
LH:2
BRF:0
BRH:0
end_of_record
TN:
SF:src/commands/info.ts
FN:5,infoCommand
FN:34,(anonymous_1)
FN:39,(anonymous_2)
FN:43,findFileInMap
FN:47,searchStructure
FNF:5
FNH:5
FNDA:15,infoCommand
FNDA:8,(anonymous_1)
FNDA:2,(anonymous_2)
FNDA:14,findFileInMap
FNDA:31,searchStructure
DA:6,15
DA:8,15
DA:9,1
DA:10,1
DA:14,14
DA:16,14
DA:17,1
DA:18,1
DA:19,1
DA:23,13
DA:24,13
DA:25,13
DA:26,13
DA:28,13
DA:29,12
DA:32,13
DA:33,5
DA:34,8
DA:37,13
DA:38,1
DA:39,2
DA:48,31
DA:49,31
DA:50,31
DA:52,14
DA:53,14
DA:56,14
DA:58,13
DA:62,17
DA:63,17
DA:67,2
DA:70,14
LF:32
LH:32
BRDA:8,0,0,1
BRDA:16,1,0,1
BRDA:28,2,0,12
BRDA:28,3,0,13
BRDA:28,3,1,13
BRDA:32,4,0,5
BRDA:32,5,0,13
BRDA:32,5,1,13
BRDA:37,6,0,1
BRDA:37,7,0,13
BRDA:37,7,1,13
BRDA:49,8,0,31
BRDA:50,9,0,14
BRDA:50,9,1,17
BRDA:56,10,0,13
BRDA:56,11,0,14
BRDA:56,11,1,3
BRDA:63,12,0,16
BRF:18
BRH:18
end_of_record
TN:
SF:src/commands/init.ts
FN:7,initCommand
FNF:1
FNH:1
FNDA:13,initCommand
DA:8,13
DA:15,13
DA:17,13
DA:18,13
DA:20,13
DA:21,13
DA:22,12
DA:24,1
DA:25,1
DA:28,12
DA:31,12
DA:33,11
DA:34,1
DA:35,1
DA:36,1
DA:37,1
DA:38,1
DA:39,1
DA:43,10
DA:44,10
DA:45,10
DA:50,10
DA:52,10
DA:55,10
DA:56,10
DA:57,10
DA:58,10
DA:61,1
DA:62,1
LF:29
LH:29
BRDA:33,0,0,1
BRF:1
BRH:1
end_of_record
TN:
SF:src/commands/list.ts
FN:4,listCommand
FN:15,(anonymous_1)
FNF:2
FNH:2
FNDA:15,listCommand
FNDA:15,(anonymous_1)
DA:5,15
DA:7,15
DA:8,1
DA:9,1
DA:13,14
DA:14,14
DA:15,6
DA:16,15
DA:20,14
DA:21,1
DA:22,1
DA:26,13
DA:28,13
DA:29,22
DA:30,22
DA:31,15
DA:33,22
DA:37,13
DA:38,13
DA:40,13
DA:41,15
DA:42,15
DA:43,22
DA:46,22
DA:48,15
LF:25
LH:25
BRDA:7,0,0,1
BRDA:14,1,0,6
BRDA:20,2,0,1
BRDA:29,3,0,22
BRDA:29,3,1,1
BRDA:30,4,0,15
BRDA:43,5,0,2
BRDA:43,5,1,20
BRDA:43,6,0,22
BRDA:43,6,1,21
BRF:10
BRH:10
end_of_record
TN:
SF:src/core/mapper.ts
FN:13,buildProjectMap
FNF:1
FNH:1
FNDA:25,buildProjectMap
DA:16,25
DA:17,24
DA:18,24
DA:19,24
DA:21,24
DA:22,29
DA:25,29
DA:26,29
DA:28,29
DA:29,40
DA:30,40
DA:31,37
DA:33,40
DA:36,29
DA:37,29
DA:46,29
DA:49,29
DA:50,26
DA:54,24
LF:19
LH:19
BRDA:30,0,0,37
BRDA:49,1,0,26
BRDA:49,2,0,29
BRDA:49,2,1,26
BRF:4
BRH:4
end_of_record
TN:
SF:src/core/parser.ts
FN:14,parseFile
FN:29,(anonymous_1)
FN:34,(anonymous_2)
FN:45,(anonymous_3)
FN:46,(anonymous_4)
FN:60,(anonymous_5)
FNF:6
FNH:6
FNDA:46,parseFile
FNDA:14,(anonymous_1)
FNDA:3,(anonymous_2)
FNDA:44,(anonymous_3)
FNDA:7,(anonymous_4)
FNDA:32,(anonymous_5)
DA:6,4
DA:15,46
DA:21,46
DA:22,46
DA:28,45
DA:30,14
DA:31,14
DA:36,3
DA:37,1
DA:38,2
DA:39,2
DA:40,2
DA:46,44
DA:47,7
DA:48,7
DA:51,7
DA:56,44
DA:57,38
DA:58,4
DA:59,34
DA:60,32
DA:61,32
DA:62,32
DA:71,45
DA:72,3
DA:73,42
DA:74,36
DA:79,1
DA:82,46
LF:29
LH:29
BRDA:6,0,0,4
BRDA:6,0,1,0
BRDA:36,1,0,1
BRDA:36,1,1,2
BRDA:38,2,0,2
BRDA:39,3,0,2
BRDA:47,4,0,7
BRDA:48,5,0,4
BRDA:48,5,1,3
BRDA:56,6,0,38
BRDA:57,7,0,4
BRDA:57,7,1,34
BRDA:57,8,0,38
BRDA:57,8,1,4
BRDA:59,9,0,32
BRDA:61,10,0,32
BRDA:71,11,0,3
BRDA:71,11,1,42
BRDA:71,12,0,45
BRDA:71,12,1,43
BRDA:73,13,0,36
BRF:21
BRH:20
end_of_record
TN:
SF:src/core/scanner.ts
FN:12,scanProject
FNF:1
FNH:1
FNDA:40,scanProject
DA:13,40
DA:19,40
DA:24,40
DA:26,40
DA:27,40
DA:28,40
DA:29,39
DA:31,39
DA:39,39
LF:9
LH:9
BRF:0
BRH:0
end_of_record
TN:
SF:src/repl/commands.ts
FN:8,handleCommand
FNF:1
FNH:1
FNDA:20,handleCommand
DA:14,20
DA:15,3
DA:16,3
DA:17,3
DA:20,17
DA:22,17
DA:24,1
DA:25,1
DA:28,3
DA:29,2
DA:30,2
DA:32,1
DA:33,1
DA:36,3
DA:37,1
DA:38,1
DA:40,2
DA:41,1
DA:42,1
DA:44,1
DA:45,1
DA:48,3
DA:49,3
DA:52,2
DA:53,2
DA:57,3
DA:60,2
DA:61,2
DA:64,14
LF:29
LH:29
BRDA:14,0,0,3
BRDA:22,1,0,1
BRDA:22,1,1,3
BRDA:22,1,2,3
BRDA:22,1,3,3
BRDA:22,1,4,2
BRDA:22,1,5,2
BRDA:22,1,6,3
BRDA:22,1,7,2
BRDA:28,2,0,2
BRDA:36,3,0,1
BRDA:40,4,0,1
BRF:12
BRH:12
end_of_record
TN:
SF:src/repl/state.ts
FN:15,(anonymous_0)
FN:21,(anonymous_1)
FN:25,(anonymous_2)
FN:29,(anonymous_3)
FNF:4
FNH:4
FNDA:45,(anonymous_0)
FNDA:7,(anonymous_1)
FNDA:24,(anonymous_2)
FNDA:13,(anonymous_3)
DA:11,72
DA:12,72
DA:13,72
DA:16,45
DA:17,45
DA:18,45
DA:22,7
DA:26,24
DA:30,13
LF:9
LH:9
BRDA:22,0,0,7
BRDA:22,0,1,1
BRDA:26,1,0,24
BRDA:26,1,1,2
BRF:4
BRH:4
end_of_record
TN:
SF:src/utils/display.ts
FN:4,displayWelcome
FN:21,displayError
FN:25,displaySuccess
FN:29,displayInfo
FN:33,displayWarning
FNF:5
FNH:5
FNDA:4,displayWelcome
FNDA:5,displayError
FNDA:8,displaySuccess
FNDA:7,displayInfo
FNDA:7,displayWarning
DA:5,4
DA:18,4
DA:22,5
DA:26,8
DA:30,7
DA:34,7
LF:6
LH:6
BRF:0
BRH:0
end_of_record
